Mutode 154117349 running
Creating a copy of your module... Done
Loading mutators... Done
Verifying and timing your test suite
Took 0.21 seconds to run full test suite
Creating 3 extra copies of your module... 1.. 2.. 3.. Done
Running mutants for ./5bc4bc4847a07142fc22dc0b.js
MUTANT 1:	NLM Line 21:	return targetLabels.map(label => label.children[0[-1]);...	survived 346 ms
MUTANT 2:	NLM Line 21:	return targetLabels.map(label => label.children[01]);...	survived 354 ms
MUTANT 4:	NLM Line 26:	.click(checkBoxesStartingWithR.nth(0(-1))...	survived 353 ms
MUTANT 3:	NLM Line 21:	return targetLabels.map(label => label.children[0454863]);...	survived 361 ms
MUTANT 5:	NLM Line 26:	.click(checkBoxesStartingWithR.nth(01))...	survived 353 ms
MUTANT 6:	NLM Line 26:	.click(checkBoxesStartingWithR.nth(0403890))...	survived 350 ms
MUTANT 7:	RFCAM Line 11:	.page (config.baseUrl);();	survived 352 ms
MUTANT 8:	RFCAM Line 5:	.beforeEach( beforeEach( async t => {	survived 352 ms
MUTANT 9:	RFCAM Line 7:	config.resizeWindow.width,	survived 352 ms
MUTANT 10:	RFCAM Line 8:	config.resizeWindow.height	survived 355 ms
MUTANT 12:	RFCAM Line 13:	test('My test'est('My test', async t => {	survived 355 ms
MUTANT 11:	RFCAM Line 13:	test('My test', (async t => {	survived 369 ms
MUTANT 13:	RFCAM Line 14:	const checkBoxesStartingWithR = Selector(onst checkBoxesStartingWithR = Selector(() => {	survived 356 ms
MUTANT 15:	RFCAM Line 17:	labels = Array.prototype.slice.call(labels);();	survived 355 ms
MUTANT 14:	RFCAM Line 15:	let labels = document.querySelectorAll('label');();	survived 373 ms
MUTANT 16:	RFCAM Line 19:	const targetLabels = labels.filter(label => label.textContent.match(/^R/));();	survived 360 ms
MUTANT 17:	RFCAM Line 19:	const targetLabels = labels.filter(label => label.textContent.match(/^R/));());	survived 358 ms
MUTANT 20:	RFCAM Line 26:	.click(checkBoxesStartingWithR.nth(0))())	survived 335 ms
MUTANT 18:	RFCAM Line 21:	return targetLabels.map(label => label.children[0]);();	survived 356 ms
MUTANT 19:	RFCAM Line 26:	.click(checkBoxesStartingWithR.nth(0))()	survived 358 ms
MUTANT 22:	RFM Lines 13-28: Commented function (anonymous / assigned)	survived 345 ms
MUTANT 21:	RFM Lines 5-10: Commented function (anonymous / assigned)	survived 362 ms
MUTANT 23:	RFM Lines 14-22: Commented function (anonymous / assigned)	survived 348 ms
MUTANT 24:	RFM Lines 19-19: Commented function (anonymous / assigned)	survived 353 ms
MUTANT 27:	RLM Commented line 2:	import config from '../config';	survived 344 ms
MUTANT 26:	RLM Commented line 1:	import { Selector } from 'testcafe';	survived 353 ms
MUTANT 25:	RFM Lines 21-21: Commented function (anonymous / assigned)	survived 373 ms
MUTANT 28:	RLM Commented line 15:	let labels = document.querySelectorAll('label');	survived 355 ms
MUTANT 29:	RLM Commented line 17:	labels = Array.prototype.slice.call(labels);	survived 334 ms
MUTANT 30:	RLM Commented line 19:	const targetLabels = labels.filter(label => label.textContent.match(/^R/));	survived 343 ms
MUTANT 32:	SLM Line 1:	import { Selector } from 'testcafe';'';...	survived 353 ms
MUTANT 31:	RLM Commented line 21:	return targetLabels.map(label => label.children[0]);	survived 365 ms
MUTANT 33:	SLM Line 1:	import { Selector } from 'testcafez3xxusRi';...	survived 347 ms
MUTANT 34:	SLM Line 2:	import config from '../config';'';...	survived 351 ms
MUTANT 35:	SLM Line 2:	import config from '../config'eIHDBFcos';...	survived 352 ms
MUTANT 36:	SLM Line 13:	test('My('', test', async t => {...	survived 367 ms
MUTANT 38:	SLM Line 15:	let labels = document.querySelectorAll('label');('');...	survived 266 ms
MUTANT 37:	SLM Line 13:	test('My testBxyGeRy', async t => {...	survived 323 ms
MUTANT 39:	SLM Line 15:	let labels = document.querySelectorAll('label8kVfQ');...	survived 286 ms

Out of 39 mutants, 0 were killed, 39 survived and 0 were discarded
Mutant coverage: 0%
Deleting copies...Done
Mutode 154117349 finished. Took 3.9s

