Mutode 154155256 running
Creating a copy of your module... Done
Loading mutators... Done
Verifying and timing your test suite
Took 0.22 seconds to run full test suite
Creating 3 extra copies of your module... 1.. 2.. 3.. Done
Running mutants for ./5bc4bc4847a07142fc22dc0b.js
MUTANT 1:	NLM Line 22:	return targetLabels.map(label => label.children[0[-1])...	survived 345 ms
MUTANT 2:	NLM Line 22:	return targetLabels.map(label => label.children[01])...	survived 356 ms
MUTANT 4:	NLM Line 27:	.click(checkBoxesStartingWithR.nth(0(-1))...	survived 380 ms
MUTANT 3:	NLM Line 22:	return targetLabels.map(label => label.children[0717032])...	survived 395 ms
MUTANT 6:	NLM Line 27:	.click(checkBoxesStartingWithR.nth(0793242))...	survived 358 ms
MUTANT 8:	RFCAM Line 5:	.beforeEach( beforeEach( async t => {	survived 358 ms
MUTANT 5:	NLM Line 27:	.click(checkBoxesStartingWithR.nth(01))...	survived 418 ms
MUTANT 7:	RFCAM Line 11:	.page (config.baseUrl);();	survived 388 ms
MUTANT 9:	RFCAM Line 7:	config.resizeWindow.width,	survived 376 ms
MUTANT 11:	RFCAM Line 14:	test('My test', (async t => {	survived 353 ms
MUTANT 10:	RFCAM Line 8:	config.resizeWindow.height	survived 398 ms
MUTANT 12:	RFCAM Line 14:	test('My test'est('My test', async t => {	survived 450 ms
MUTANT 13:	RFCAM Line 15:	const checkBoxesStartingWithR = Selector(onst checkBoxesStartingWithR = Selector(() => {	survived 446 ms
MUTANT 14:	RFCAM Line 16:	let labels = document.querySelectorAll('label')()	survived 439 ms
MUTANT 15:	RFCAM Line 18:	labels = Array.prototype.slice.call(labels)()	survived 402 ms
MUTANT 16:	RFCAM Line 20:	const targetLabels = labels.filter(label => label.textContent.match(/^R/))()	survived 390 ms
MUTANT 18:	RFCAM Line 22:	return targetLabels.map(label => label.children[0])()	survived 384 ms
MUTANT 17:	RFCAM Line 20:	const targetLabels = labels.filter(label => label.textContent.match(/^R/))())	survived 406 ms
MUTANT 19:	RFCAM Line 27:	.click(checkBoxesStartingWithR.nth(0))()	survived 396 ms
MUTANT 20:	RFCAM Line 27:	.click(checkBoxesStartingWithR.nth(0))())	survived 426 ms
MUTANT 22:	RFM Lines 14-30: Commented function (anonymous / assigned)	survived 373 ms
MUTANT 21:	RFM Lines 5-10: Commented function (anonymous / assigned)	survived 386 ms
MUTANT 24:	RFM Lines 20-20: Commented function (anonymous / assigned)	survived 368 ms
MUTANT 23:	RFM Lines 15-23: Commented function (anonymous / assigned)	survived 467 ms
MUTANT 25:	RFM Lines 22-22: Commented function (anonymous / assigned)	survived 362 ms
MUTANT 28:	RLM Commented line 16:	let labels = document.querySelectorAll('label')	survived 360 ms
MUTANT 26:	RLM Commented line 1:	import { Selector } from 'testcafe';	survived 467 ms
MUTANT 27:	RLM Commented line 2:	import config from '../config';	survived 383 ms
MUTANT 31:	RLM Commented line 22:	return targetLabels.map(label => label.children[0])	survived 448 ms
MUTANT 29:	RLM Commented line 18:	labels = Array.prototype.slice.call(labels)	survived 613 ms
MUTANT 32:	SLM Line 1:	import { Selector } from 'testcafe';'';...	survived 516 ms
MUTANT 30:	RLM Commented line 20:	const targetLabels = labels.filter(label => label.textContent.match(/^R/))	survived 620 ms
MUTANT 34:	SLM Line 2:	import config from '../config';'';...	survived 375 ms
MUTANT 33:	SLM Line 1:	import { Selector } from 'testcafeMC7iQbex';...	survived 433 ms
MUTANT 35:	SLM Line 2:	import config from '../config'uQLTpWtIN';...	survived 430 ms
MUTANT 36:	SLM Line 14:	test('My('', test', async t => {...	survived 425 ms
MUTANT 38:	SLM Line 16:	let labels = document.querySelectorAll('label')('')...	survived 331 ms
MUTANT 37:	SLM Line 14:	test('My testhkOvPd1', async t => {...	survived 349 ms
MUTANT 39:	SLM Line 16:	let labels = document.querySelectorAll('labelgOw1b')...	survived 283 ms

Out of 39 mutants, 0 were killed, 39 survived and 0 were discarded
Mutant coverage: 0%
Deleting copies...Done
Mutode 154155256 finished. Took 4.5s

